#
# A fatal error has been detected by the Java Runtime Environment:
#
#  SIGSEGV (0xb) at pc=0xb591374b, pid=16852, tid=3079571136
#
# JRE version: 6.0_23-b23
# Java VM: OpenJDK Client VM (20.0-b11 mixed mode, sharing linux-x86 )
# Derivative: IcedTea6 1.11pre
# Distribution: Ubuntu 11.10, package 6b23~pre11-0ubuntu1.11.10.2
# Problematic frame:
# J  com.ibm.icu.impl.TrieIterator.calculateNextSupplementaryElement(Lcom/ibm/icu/util/RangeValueIterator$Element;)V
#
# If you would like to submit a bug report, please include
# instructions how to reproduce the bug and visit:
#   https://bugs.launchpad.net/ubuntu/+source/openjdk-6/
#

---------------  T H R E A D  ---------------

Current thread (0x0861dc00):  JavaThread "main" [_thread_in_Java, id=16852, stack(0xbfe81000,0xbfed1000)]

siginfo:si_signo=SIGSEGV: si_errno=0, si_code=128 (), si_addr=0x00000000

Registers:
EAX=0x00000005, EBX=0x644c3dc8, ECX=0x644c3dc8, EDX=0x644c3df8
ESP=0xbfecd440, EBP=0xbfecd4f8, ESI=0x000002d0, EDI=0x00000000
EIP=0xb591374b, EFLAGS=0x00010202, CR2=0xb76a4b80

Top of Stack: (sp=0xbfecd440)
0xbfecd440:   644c0120 00041a43 0000104e 0000104d
0xbfecd450:   63a3f788 63a3f788 bfecd48c 85064860
0xbfecd460:   00000000 850641b0 000002d0 644c3dc8
0xbfecd470:   00000000 644c3df8 00000000 00000000
0xbfecd480:   00000000 00000348 bfecd4f8 b5912c44
0xbfecd490:   85063a88 0861dc00 b56a54d5 b569f04d
0xbfecd4a0:   64321818 64320d08 bfecd4a8 85063a9e
0xbfecd4b0:   bfecd4d4 85064860 bfecd4f8 b569f04d 

Instructions: (pc=0xb591374b)
0xb591372b:   00 00 00 81 e3 ff ff 00 00 81 fb 00 dc 00 00 89
0xb591373b:   54 24 34 0f 84 61 00 00 00 8b d9 8b cb 90 90 90
0xb591374b:   e8 40 0b 00 00 83 f8 00 0f 85 18 00 00 00 8b 54
0xb591375b:   24 28 8b 4c 24 2c 90 90 e8 b8 c5 ff ff 83 f8 00 

Register to memory mapping:

EAX=0x00000005 is an unknown value
EBX=0x644c3dc8 is an oop
com.ibm.icu.impl.TrieIterator 
 - klass: 'com/ibm/icu/impl/TrieIterator'
ECX=0x644c3dc8 is an oop
com.ibm.icu.impl.TrieIterator 
 - klass: 'com/ibm/icu/impl/TrieIterator'
EDX=0x644c3df8 is an oop
com.ibm.icu.util.RangeValueIterator$Element 
 - klass: 'com/ibm/icu/util/RangeValueIterator$Element'
ESP=0xbfecd440 is pointing into the stack for thread: 0x0861dc00
EBP=0xbfecd4f8 is pointing into the stack for thread: 0x0861dc00
ESI=0x000002d0 is an unknown value
EDI=0x00000000 is an unknown value


Stack: [0xbfe81000,0xbfed1000],  sp=0xbfecd440,  free space=305k
Native frames: (J=compiled Java code, j=interpreted, Vv=VM code, C=native code)
J  com.ibm.icu.impl.TrieIterator.calculateNextSupplementaryElement(Lcom/ibm/icu/util/RangeValueIterator$Element;)V
j  com.ibm.icu.text.UnicodeSet.getInclusions(I)Lcom/ibm/icu/text/UnicodeSet;+91
j  com.ibm.icu.text.UnicodeSet.applyFilter(Lcom/ibm/icu/text/UnicodeSet$Filter;I)Lcom/ibm/icu/text/UnicodeSet;+8
j  com.ibm.icu.text.UnicodeSet.applyIntPropertyValue(II)Lcom/ibm/icu/text/UnicodeSet;+45
j  com.ibm.icu.text.UnicodeSet.applyPropertyAlias(Ljava/lang/String;Ljava/lang/String;Lcom/ibm/icu/text/SymbolTable;)Lcom/ibm/icu/text/UnicodeSet;+522
j  com.ibm.icu.text.UnicodeSet.applyPropertyPattern(Ljava/lang/String;Ljava/text/ParsePosition;Lcom/ibm/icu/text/SymbolTable;)Lcom/ibm/icu/text/UnicodeSet;+304
j  com.ibm.icu.text.UnicodeSet.applyPropertyPattern(Lcom/ibm/icu/impl/RuleCharacterIterator;Ljava/lang/StringBuffer;Lcom/ibm/icu/text/SymbolTable;)V+22
j  com.ibm.icu.text.UnicodeSet.applyPattern(Lcom/ibm/icu/impl/RuleCharacterIterator;Lcom/ibm/icu/text/SymbolTable;Ljava/lang/StringBuffer;I)V+426
j  com.ibm.icu.text.UnicodeSet.applyPattern(Ljava/lang/String;Ljava/text/ParsePosition;Lcom/ibm/icu/text/SymbolTable;I)Lcom/ibm/icu/text/UnicodeSet;+54
j  com.ibm.icu.text.UnicodeSet.<init>(Ljava/lang/String;)V+9
j  com.ibm.icu.text.MessageFormat.<clinit>()V+121
v  ~StubRoutines::call_stub
V  [libjvm.so+0x20fa96]  JavaCalls::call_helper(JavaValue*, methodHandle*, JavaCallArguments*, Thread*)+0x2c6


---------------  P R O C E S S  ---------------

Java Threads: ( => current thread )
  0xb45dec00 JavaThread "Thread-3" [_thread_blocked, id=16887, stack(0xb3161000,0xb31b2000)]
  0xb45e9400 JavaThread "Thread-2" [_thread_blocked, id=16886, stack(0xb31b2000,0xb3203000)]
  0x08708c00 JavaThread "Worker-1" [_thread_blocked, id=16885, stack(0xb3205000,0xb3256000)]
  0xb454fc00 JavaThread "Thread-1" [_thread_blocked, id=16882, stack(0xb32af000,0xb3300000)]
  0xb4b51400 JavaThread "Provisioning Event Dispatcher" daemon [_thread_blocked, id=16876, stack(0xb48ea000,0xb493b000)]
  0xb4eff400 JavaThread "Worker-0" [_thread_blocked, id=16875, stack(0xb4a0d000,0xb4a5e000)]
  0xb4ee3400 JavaThread "Worker-JM" [_thread_blocked, id=16874, stack(0xb4965000,0xb49b6000)]
  0x086ea400 JavaThread "[Timer] - Main Queue Handler" daemon [_thread_blocked, id=16873, stack(0xb49bc000,0xb4a0d000)]
  0xb4eca000 JavaThread "Framework Event Dispatcher" daemon [_thread_blocked, id=16871, stack(0xb4a5e000,0xb4aaf000)]
  0xb4eca800 JavaThread "Start Level Event Dispatcher" daemon [_thread_blocked, id=16870, stack(0xb4aaf000,0xb4b00000)]
  0xb4ebfc00 JavaThread "State Data Manager" daemon [_thread_blocked, id=16869, stack(0xb4c09000,0xb4c5a000)]
  0xb4e00c00 JavaThread "Low Memory Detector" daemon [_thread_blocked, id=16867, stack(0xb4f5b000,0xb4fac000)]
  0x08655c00 JavaThread "C1 CompilerThread0" daemon [_thread_blocked, id=16866, stack(0xb4fac000,0xb502d000)]
  0x08654000 JavaThread "Signal Dispatcher" daemon [_thread_blocked, id=16865, stack(0xb502d000,0xb507e000)]
  0x0864d800 JavaThread "Finalizer" daemon [_thread_blocked, id=16864, stack(0xb507e000,0xb50cf000)]
  0x0864c000 JavaThread "Reference Handler" daemon [_thread_blocked, id=16863, stack(0xb50cf000,0xb5120000)]
=>0x0861dc00 JavaThread "main" [_thread_in_Java, id=16852, stack(0xbfe81000,0xbfed1000)]

Other Threads:
  0x0864a400 VMThread [stack: 0xb5120000,0xb51a1000] [id=16862]
  0xb4e0b400 WatcherThread [stack: 0xb4d7f000,0xb4e00000] [id=16868]

VM state:synchronizing (normal execution)

VM Mutex/Monitor currently owned by a thread:  ([mutex/lock_event])
[0x0861b718] Safepoint_lock - owner thread: 0x0864a400
[0x0861b780] Threads_lock - owner thread: 0x0864a400

Heap
 def new generation   total 12352K, used 1707K [0x63a00000, 0x64760000, 0x6e4a0000)
  eden space 11008K,   3% used [0x63a00000, 0x63a5ada8, 0x644c0000)
  from space 1344K, 100% used [0x644c0000, 0x64610000, 0x64610000)
  to   space 1344K,   0% used [0x64610000, 0x64610000, 0x64760000)
 tenured generation   total 27328K, used 9751K [0x6e4a0000, 0x6ff50000, 0x83a00000)
   the space 27328K,  35% used [0x6e4a0000, 0x6ee25c10, 0x6ee25e00, 0x6ff50000)
 compacting perm gen  total 23040K, used 22931K [0x83a00000, 0x85080000, 0x93a00000)
   the space 23040K,  99% used [0x83a00000, 0x85064e80, 0x85065000, 0x85080000)
    ro space 10240K,  73% used [0x93a00000, 0x941606b0, 0x94160800, 0x94400000)
    rw space 12288K,  60% used [0x94400000, 0x94b49f80, 0x94b4a000, 0x95000000)

Code Cache  [0xb569c000, 0xb591c000, 0xb769c000)
 total_blobs=1164 nmethods=984 adapters=115 free_code_cache=30965760 largest_free_block=256

Dynamic libraries:
00110000-0012c000 r-xp 00000000 08:07 1573819    /lib/i386-linux-gnu/libgcc_s.so.1
0012c000-0012d000 r--p 0001b000 08:07 1573819    /lib/i386-linux-gnu/libgcc_s.so.1
0012d000-0012e000 rw-p 0001c000 08:07 1573819    /lib/i386-linux-gnu/libgcc_s.so.1
0012e000-00138000 r-xp 00000000 08:07 1573843    /lib/i386-linux-gnu/libnss_nis-2.13.so
00138000-00139000 r--p 00009000 08:07 1573843    /lib/i386-linux-gnu/libnss_nis-2.13.so
00139000-0013a000 rw-p 0000a000 08:07 1573843    /lib/i386-linux-gnu/libnss_nis-2.13.so
0013a000-0013e000 r-xp 00000000 08:07 2232645    /usr/lib/i386-linux-gnu/libgthread-2.0.so.0.3000.0
0013e000-0013f000 r--p 00003000 08:07 2232645    /usr/lib/i386-linux-gnu/libgthread-2.0.so.0.3000.0
0013f000-00140000 rw-p 00004000 08:07 2232645    /usr/lib/i386-linux-gnu/libgthread-2.0.so.0.3000.0
00140000-00145000 r-xp 00000000 08:07 2232608    /usr/lib/i386-linux-gnu/libffi.so.6.0.0
00145000-00146000 r--p 00004000 08:07 2232608    /usr/lib/i386-linux-gnu/libffi.so.6.0.0
00146000-00147000 rw-p 00005000 08:07 2232608    /usr/lib/i386-linux-gnu/libffi.so.6.0.0
00147000-00152000 r-xp 00000000 08:07 2232713    /usr/lib/i386-linux-gnu/libpangocairo-1.0.so.0.2903.0
00152000-00153000 r--p 0000a000 08:07 2232713    /usr/lib/i386-linux-gnu/libpangocairo-1.0.so.0.2903.0
00153000-00154000 rw-p 0000b000 08:07 2232713    /usr/lib/i386-linux-gnu/libpangocairo-1.0.so.0.2903.0
00154000-0015d000 r-xp 00000000 08:07 2232531    /usr/lib/i386-linux-gnu/libXrender.so.1.3.0
0015d000-0015e000 r--p 00008000 08:07 2232531    /usr/lib/i386-linux-gnu/libXrender.so.1.3.0
0015e000-0015f000 rw-p 00009000 08:07 2232531    /usr/lib/i386-linux-gnu/libXrender.so.1.3.0
0015f000-00161000 r-xp 00000000 08:07 2232527    /usr/lib/i386-linux-gnu/libXinerama.so.1.0.0
00161000-00162000 r--p 00001000 08:07 2232527    /usr/lib/i386-linux-gnu/libXinerama.so.1.0.0
00162000-00163000 rw-p 00002000 08:07 2232527    /usr/lib/i386-linux-gnu/libXinerama.so.1.0.0
00163000-0016a000 r-xp 00000000 08:07 2232529    /usr/lib/i386-linux-gnu/libXrandr.so.2.2.0
0016a000-0016b000 r--p 00006000 08:07 2232529    /usr/lib/i386-linux-gnu/libXrandr.so.2.2.0
0016b000-0016c000 rw-p 00007000 08:07 2232529    /usr/lib/i386-linux-gnu/libXrandr.so.2.2.0
0016c000-0016e000 r-xp 00000000 08:07 2232511    /usr/lib/i386-linux-gnu/libXcomposite.so.1.0.0
0016e000-0016f000 r--p 00001000 08:07 2232511    /usr/lib/i386-linux-gnu/libXcomposite.so.1.0.0
0016f000-00170000 rw-p 00002000 08:07 2232511    /usr/lib/i386-linux-gnu/libXcomposite.so.1.0.0
00172000-00173000 r-xp 00000000 00:00 0          [vdso]
00173000-00181000 r-xp 00000000 08:07 2232525    /usr/lib/i386-linux-gnu/libXi.so.6.1.0
00181000-00182000 r--p 0000d000 08:07 2232525    /usr/lib/i386-linux-gnu/libXi.so.6.1.0
00182000-00183000 rw-p 0000e000 08:07 2232525    /usr/lib/i386-linux-gnu/libXi.so.6.1.0
00183000-00185000 r-xp 00000000 08:07 2232515    /usr/lib/i386-linux-gnu/libXdamage.so.1.1.0
00185000-00186000 r--p 00001000 08:07 2232515    /usr/lib/i386-linux-gnu/libXdamage.so.1.1.0
00186000-00187000 rw-p 00002000 08:07 2232515    /usr/lib/i386-linux-gnu/libXdamage.so.1.1.0
00188000-002fe000 r-xp 00000000 08:07 1573798    /lib/i386-linux-gnu/libc-2.13.so
002fe000-00300000 r--p 00176000 08:07 1573798    /lib/i386-linux-gnu/libc-2.13.so
00300000-00301000 rw-p 00178000 08:07 1573798    /lib/i386-linux-gnu/libc-2.13.so
00301000-00304000 rw-p 00000000 00:00 0 
00304000-003fb000 r-xp 00000000 08:07 1573823    /lib/i386-linux-gnu/libglib-2.0.so.0.3000.0
003fb000-003fc000 r--p 000f6000 08:07 1573823    /lib/i386-linux-gnu/libglib-2.0.so.0.3000.0
003fc000-003fd000 rw-p 000f7000 08:07 1573823    /lib/i386-linux-gnu/libglib-2.0.so.0.3000.0
003fd000-0041b000 r-xp 00000000 08:07 2232623    /usr/lib/i386-linux-gnu/libgdk_pixbuf-2.0.so.0.2400.0
0041b000-0041c000 r--p 0001d000 08:07 2232623    /usr/lib/i386-linux-gnu/libgdk_pixbuf-2.0.so.0.2400.0
0041c000-0041d000 rw-p 0001e000 08:07 2232623    /usr/lib/i386-linux-gnu/libgdk_pixbuf-2.0.so.0.2400.0
0041d000-00426000 r-xp 00000000 08:07 2232513    /usr/lib/i386-linux-gnu/libXcursor.so.1.0.2
00426000-00427000 r--p 00008000 08:07 2232513    /usr/lib/i386-linux-gnu/libXcursor.so.1.0.2
00427000-00428000 rw-p 00009000 08:07 2232513    /usr/lib/i386-linux-gnu/libXcursor.so.1.0.2
00428000-0042c000 r-xp 00000000 08:07 2232521    /usr/lib/i386-linux-gnu/libXfixes.so.3.1.0
0042c000-0042d000 r--p 00003000 08:07 2232521    /usr/lib/i386-linux-gnu/libXfixes.so.3.1.0
0042d000-0042e000 rw-p 00004000 08:07 2232521    /usr/lib/i386-linux-gnu/libXfixes.so.3.1.0
0042e000-00459000 r-xp 00000000 08:07 2232715    /usr/lib/i386-linux-gnu/libpangoft2-1.0.so.0.2903.0
00459000-0045a000 r--p 0002a000 08:07 2232715    /usr/lib/i386-linux-gnu/libpangoft2-1.0.so.0.2903.0
0045a000-0045b000 rw-p 0002b000 08:07 2232715    /usr/lib/i386-linux-gnu/libpangoft2-1.0.so.0.2903.0
0045b000-0045e000 r-xp 00000000 08:07 2232631    /usr/lib/i386-linux-gnu/libgmodule-2.0.so.0.3000.0
0045e000-0045f000 r--p 00002000 08:07 2232631    /usr/lib/i386-linux-gnu/libgmodule-2.0.so.0.3000.0
0045f000-00460000 rw-p 00003000 08:07 2232631    /usr/lib/i386-linux-gnu/libgmodule-2.0.so.0.3000.0
00460000-0047c000 r-xp 00000000 08:07 1573864    /lib/i386-linux-gnu/libselinux.so.1
0047c000-0047d000 r--p 0001b000 08:07 1573864    /lib/i386-linux-gnu/libselinux.so.1
0047d000-0047e000 rw-p 0001c000 08:07 1573864    /lib/i386-linux-gnu/libselinux.so.1
0047e000-00491000 r-xp 00000000 08:07 1573860    /lib/i386-linux-gnu/libresolv-2.13.so
00491000-00492000 r--p 00012000 08:07 1573860    /lib/i386-linux-gnu/libresolv-2.13.so
00492000-00493000 rw-p 00013000 08:07 1573860    /lib/i386-linux-gnu/libresolv-2.13.so
00493000-00495000 rw-p 00000000 00:00 0 
00495000-00497000 r-xp 00000000 08:07 2232803    /usr/lib/i386-linux-gnu/libxcb-shm.so.0.0.0
00497000-00498000 r--p 00001000 08:07 2232803    /usr/lib/i386-linux-gnu/libxcb-shm.so.0.0.0
00498000-00499000 rw-p 00002000 08:07 2232803    /usr/lib/i386-linux-gnu/libxcb-shm.so.0.0.0
00499000-004a1000 r-xp 00000000 08:07 2232799    /usr/lib/i386-linux-gnu/libxcb-render.so.0.0.0
004a1000-004a2000 r--p 00007000 08:07 2232799    /usr/lib/i386-linux-gnu/libxcb-render.so.0.0.0
004a2000-004a3000 rw-p 00008000 08:07 2232799    /usr/lib/i386-linux-gnu/libxcb-render.so.0.0.0
004a4000-004b0000 r-xp 00000000 08:07 416185     /usr/local/Aptana Studio 3/plugins/org.eclipse.equinox.launcher.gtk.linux.x86_1.1.2.R36x_v20101019_1345/eclipse_1310.so
004b0000-004b1000 rw-p 0000c000 08:07 416185     /usr/local/Aptana Studio 3/plugins/org.eclipse.equinox.launcher.gtk.linux.x86_1.1.2.R36x_v20101019_1345/eclipse_1310.so
004b1000-004d9000 r-xp 00000000 08:07 1573870    /lib/i386-linux-gnu/libpng12.so.0.46.0
004d9000-004da000 r--p 00027000 08:07 1573870    /lib/i386-linux-gnu/libpng12.so.0.46.0
004da000-004db000 rw-p 00028000 08:07 1573870    /lib/i386-linux-gnu/libpng12.so.0.46.0
004db000-004f8000 r-xp 00000000 08:07 2232805    /usr/lib/i386-linux-gnu/libxcb.so.1.1.0
004f8000-004f9000 r--p 0001c000 08:07 2232805    /usr/lib/i386-linux-gnu/libxcb.so.1.1.0
004f9000-004fa000 rw-p 0001d000 08:07 2232805    /usr/lib/i386-linux-gnu/libxcb.so.1.1.0
004fd000-00523000 r-xp 00000000 08:07 1573814    /lib/i386-linux-gnu/libexpat.so.1.5.2
00523000-00524000 ---p 00026000 08:07 1573814    /lib/i386-linux-gnu/libexpat.so.1.5.2
00524000-00526000 r--p 00026000 08:07 1573814    /lib/i386-linux-gnu/libexpat.so.1.5.2
00526000-00527000 rw-p 00028000 08:07 1573814    /lib/i386-linux-gnu/libexpat.so.1.5.2
00527000-00529000 r-xp 00000000 08:07 2232509    /usr/lib/i386-linux-gnu/libXau.so.6.0.0
00529000-0052a000 r--p 00001000 08:07 2232509    /usr/lib/i386-linux-gnu/libXau.so.6.0.0
0052a000-0052b000 rw-p 00002000 08:07 2232509    /usr/lib/i386-linux-gnu/libXau.so.6.0.0
0052b000-00530000 r-xp 00000000 08:07 2232517    /usr/lib/i386-linux-gnu/libXdmcp.so.6.0.0
00530000-00531000 r--p 00004000 08:07 2232517    /usr/lib/i386-linux-gnu/libXdmcp.so.6.0.0
00531000-00532000 rw-p 00005000 08:07 2232517    /usr/lib/i386-linux-gnu/libXdmcp.so.6.0.0
00533000-00570000 r-xp 00000000 08:07 1573855    /lib/i386-linux-gnu/libpcre.so.3.12.1
00570000-00571000 r--p 0003c000 08:07 1573855    /lib/i386-linux-gnu/libpcre.so.3.12.1
00571000-00572000 rw-p 0003d000 08:07 1573855    /lib/i386-linux-gnu/libpcre.so.3.12.1
00572000-0061d000 r-xp 00000000 08:07 2232621    /usr/lib/i386-linux-gnu/libgdk-x11-2.0.so.0.2400.6
0061d000-0061f000 r--p 000ab000 08:07 2232621    /usr/lib/i386-linux-gnu/libgdk-x11-2.0.so.0.2400.6
0061f000-00620000 rw-p 000ad000 08:07 2232621    /usr/lib/i386-linux-gnu/libgdk-x11-2.0.so.0.2400.6
00620000-0063d000 r-xp 00000000 08:07 2232545    /usr/lib/i386-linux-gnu/libatk-1.0.so.0.20209.1
0063d000-0063f000 r--p 0001c000 08:07 2232545    /usr/lib/i386-linux-gnu/libatk-1.0.so.0.20209.1
0063f000-00640000 rw-p 0001e000 08:07 2232545    /usr/lib/i386-linux-gnu/libatk-1.0.so.0.20209.1
00640000-00645000 r-xp 00000000 08:07 2360841    /usr/lib/gtk-2.0/modules/libcanberra-gtk-module.so
00645000-00646000 r--p 00004000 08:07 2360841    /usr/lib/gtk-2.0/modules/libcanberra-gtk-module.so
00646000-00647000 rw-p 00005000 08:07 2360841    /usr/lib/gtk-2.0/modules/libcanberra-gtk-module.so
00647000-0064f000 r-xp 00000000 08:07 2232466    /usr/lib/i386-linux-gnu/libvorbisfile.so.3.3.4
0064f000-00650000 r--p 00007000 08:07 2232466    /usr/lib/i386-linux-gnu/libvorbisfile.so.3.3.4
00650000-00651000 rw-p 00008000 08:07 2232466    /usr/lib/i386-linux-gnu/libvorbisfile.so.3.3.4
00654000-00672000 r-xp 00000000 08:07 1573785    /lib/i386-linux-gnu/ld-2.13.so
00672000-00673000 r--p 0001d000 08:07 1573785    /lib/i386-linux-gnu/ld-2.13.so
00673000-00674000 rw-p 0001e000 08:07 1573785    /lib/i386-linux-gnu/ld-2.13.so
00674000-00683000 r-xp 00000000 08:07 2229041    /usr/lib/libcanberra.so.0.2.5
00683000-00684000 r--p 0000e000 08:07 2229041    /usr/lib/libcanberra.so.0.2.5
00684000-00685000 rw-p 0000f000 08:07 2229041    /usr/lib/libcanberra.so.0.2.5
00685000-0068d000 r-xp 00000000 08:07 2231478    /usr/lib/libltdl.so.7.3.0
0068d000-0068e000 r--p 00008000 08:07 2231478    /usr/lib/libltdl.so.7.3.0
0068e000-0068f000 rw-p 00009000 08:07 2231478    /usr/lib/libltdl.so.7.3.0
0068f000-00692000 r-xp 00000000 08:07 2361497    /usr/lib/i386-linux-gnu/gdk-pixbuf-2.0/2.10.0/loaders/libpixbufloader-bmp.so
00692000-00693000 r--p 00002000 08:07 2361497    /usr/lib/i386-linux-gnu/gdk-pixbuf-2.0/2.10.0/loaders/libpixbufloader-bmp.so
00693000-00694000 rw-p 00003000 08:07 2361497    /usr/lib/i386-linux-gnu/gdk-pixbuf-2.0/2.10.0/loaders/libpixbufloader-bmp.so
00694000-0069c000 r-xp 00000000 08:07 2248200    /usr/lib/jvm/java-6-openjdk/jre/lib/i386/libnio.so
0069c000-0069d000 r--p 00007000 08:07 2248200    /usr/lib/jvm/java-6-openjdk/jre/lib/i386/libnio.so
0069d000-0069e000 rw-p 00008000 08:07 2248200    /usr/lib/jvm/java-6-openjdk/jre/lib/i386/libnio.so
006a1000-006a8000 r-xp 00000000 08:07 2248209    /usr/lib/jvm/java-6-openjdk/jre/lib/i386/libzip.so
006a8000-006a9000 r--p 00006000 08:07 2248209    /usr/lib/jvm/java-6-openjdk/jre/lib/i386/libzip.so
006a9000-006aa000 rw-p 00007000 08:07 2248209    /usr/lib/jvm/java-6-openjdk/jre/lib/i386/libzip.so
006aa000-006ad000 r-xp 00000000 08:07 1064670    /usr/local/Aptana Studio 3/configuration/org.eclipse.osgi/bundles/226/1/.cp/libswt-gtk-3659.so
006ad000-006ae000 rw-p 00002000 08:07 1064670    /usr/local/Aptana Studio 3/configuration/org.eclipse.osgi/bundles/226/1/.cp/libswt-gtk-3659.so
006ae000-006af000 rw-p 00000000 00:00 0 
006af000-006b4000 r-xp 00000000 08:07 2231043    /usr/lib/libXtst.so.6.1.0
006b4000-006b5000 r--p 00004000 08:07 2231043    /usr/lib/libXtst.so.6.1.0
006b5000-006b6000 rw-p 00005000 08:07 2231043    /usr/lib/libXtst.so.6.1.0
006b6000-006ba000 rwxp 00000000 00:00 0 
006bb000-006d0000 r-xp 00000000 08:07 1573833    /lib/i386-linux-gnu/libnsl-2.13.so
006d0000-006d1000 r--p 00015000 08:07 1573833    /lib/i386-linux-gnu/libnsl-2.13.so
006d1000-006d2000 rw-p 00016000 08:07 1573833    /lib/i386-linux-gnu/libnsl-2.13.so
006d2000-006d4000 rw-p 00000000 00:00 0 
006d4000-006d6000 r-xp 00000000 08:07 2361603    /usr/lib/i386-linux-gnu/pango/1.6.0/modules/pango-basic-fc.so
006d6000-006d7000 r--p 00001000 08:07 2361603    /usr/lib/i386-linux-gnu/pango/1.6.0/modules/pango-basic-fc.so
006d7000-006d8000 rw-p 00002000 08:07 2361603    /usr/lib/i386-linux-gnu/pango/1.6.0/modules/pango-basic-fc.so
006db000-006e6000 r-xp 00000000 08:07 2248208    /usr/lib/jvm/java-6-openjdk/jre/lib/i386/libverify.so
006e6000-006e7000 ---p 0000b000 08:07 2248208    /usr/lib/jvm/java-6-openjdk/jre/lib/i386/libverify.so
006e7000-006e8000 r--p 0000b000 08:07 2248208    /usr/lib/jvm/java-6-openjdk/jre/lib/i386/libverify.so
006e8000-006e9000 rw-p 0000c000 08:07 2248208    /usr/lib/jvm/java-6-openjdk/jre/lib/i386/libverify.so
006e9000-00712000 r-xp 00000000 08:07 2232470    /usr/lib/i386-linux-gnu/libvorbis.so.0.4.5
00712000-00713000 r--p 00028000 08:07 2232470    /usr/lib/i386-linux-gnu/libvorbis.so.0.4.5
00713000-00714000 rw-p 00029000 08:07 2232470    /usr/lib/i386-linux-gnu/libvorbis.so.0.4.5
00714000-00729000 r-xp 00000000 08:07 2248199    /usr/lib/jvm/java-6-openjdk/jre/lib/i386/libnet.so
00729000-0072a000 r--p 00014000 08:07 2248199    /usr/lib/jvm/java-6-openjdk/jre/lib/i386/libnet.so
0072a000-0072b000 rw-p 00015000 08:07 2248199    /usr/lib/jvm/java-6-openjdk/jre/lib/i386/libnet.so
0072e000-0073f000 r-xp 00000000 08:07 2232778    /usr/lib/i386-linux-gnu/libtdb.so.1.2.9
0073f000-00740000 r--p 00010000 08:07 2232778    /usr/lib/i386-linux-gnu/libtdb.so.1.2.9
00740000-00741000 rw-p 00011000 08:07 2232778    /usr/lib/i386-linux-gnu/libtdb.so.1.2.9
00741000-00745000 r-xp 00000000 08:07 2361504    /usr/lib/i386-linux-gnu/gdk-pixbuf-2.0/2.10.0/loaders/libpixbufloader-png.so
00745000-00746000 r--p 00003000 08:07 2361504    /usr/lib/i386-linux-gnu/gdk-pixbuf-2.0/2.10.0/loaders/libpixbufloader-png.so
00746000-00747000 rw-p 00004000 08:07 2361504    /usr/lib/i386-linux-gnu/gdk-pixbuf-2.0/2.10.0/loaders/libpixbufloader-png.so
00747000-0074c000 r-xp 00000000 08:07 2361498    /usr/lib/i386-linux-gnu/gdk-pixbuf-2.0/2.10.0/loaders/libpixbufloader-gif.so
0074c000-0074d000 r--p 00004000 08:07 2361498    /usr/lib/i386-linux-gnu/gdk-pixbuf-2.0/2.10.0/loaders/libpixbufloader-gif.so
0074d000-0074e000 rw-p 00005000 08:07 2361498    /usr/lib/i386-linux-gnu/gdk-pixbuf-2.0/2.10.0/loaders/libpixbufloader-gif.so
0074e000-00752000 r-xp 00000000 08:07 2361124    /usr/lib/gtk-2.0/2.10.0/menuproxies/libappmenu.so
00752000-00753000 r--p 00004000 08:07 2361124    /usr/lib/gtk-2.0/2.10.0/menuproxies/libappmenu.so
00753000-00754000 rw-p 00005000 08:07 2361124    /usr/lib/gtk-2.0/2.10.0/menuproxies/libappmenu.so
00755000-007a2000 r-xp 00000000 08:07 2232639    /usr/lib/i386-linux-gnu/libgobject-2.0.so.0.3000.0
007a2000-007a3000 r--p 0004d000 08:07 2232639    /usr/lib/i386-linux-gnu/libgobject-2.0.so.0.3000.0
007a3000-007a4000 rw-p 0004e000 08:07 2232639    /usr/lib/i386-linux-gnu/libgobject-2.0.so.0.3000.0
007a4000-008e6000 r-xp 00000000 08:07 2232627    /usr/lib/i386-linux-gnu/libgio-2.0.so.0.3000.0
008e6000-008e8000 r--p 00142000 08:07 2232627    /usr/lib/i386-linux-gnu/libgio-2.0.so.0.3000.0
008e8000-008e9000 rw-p 00144000 08:07 2232627    /usr/lib/i386-linux-gnu/libgio-2.0.so.0.3000.0
008e9000-008ea000 rw-p 00000000 00:00 0 
008ea000-00917000 r-xp 00000000 08:07 2361121    /usr/lib/gtk-2.0/2.10.0/engines/libmurrine.so
00917000-00918000 r--p 0002c000 08:07 2361121    /usr/lib/gtk-2.0/2.10.0/engines/libmurrine.so
00918000-00919000 rw-p 0002d000 08:07 2361121    /usr/lib/gtk-2.0/2.10.0/engines/libmurrine.so
00919000-0091e000 r-xp 00000000 08:07 2361531    /usr/lib/i386-linux-gnu/gtk-2.0/2.10.0/immodules/im-ibus.so
0091e000-0091f000 ---p 00005000 08:07 2361531    /usr/lib/i386-linux-gnu/gtk-2.0/2.10.0/immodules/im-ibus.so
0091f000-00920000 r--p 00005000 08:07 2361531    /usr/lib/i386-linux-gnu/gtk-2.0/2.10.0/immodules/im-ibus.so
00920000-00921000 rw-p 00006000 08:07 2361531    /usr/lib/i386-linux-gnu/gtk-2.0/2.10.0/immodules/im-ibus.so
00921000-00936000 r-xp 00000000 08:07 2232449    /usr/lib/gvfs/libgvfscommon.so
00936000-00937000 r--p 00015000 08:07 2232449    /usr/lib/gvfs/libgvfscommon.so
00937000-00938000 rw-p 00016000 08:07 2232449    /usr/lib/gvfs/libgvfscommon.so
00938000-0093f000 r-xp 00000000 08:07 2360876    /usr/lib/gio/modules/libdconfsettings.so
0093f000-00940000 r--p 00006000 08:07 2360876    /usr/lib/gio/modules/libdconfsettings.so
00940000-00941000 rw-p 00007000 08:07 2360876    /usr/lib/gio/modules/libdconfsettings.so
00943000-0094a000 r-xp 00000000 08:07 1573862    /lib/i386-linux-gnu/librt-2.13.so
0094a000-0094b000 r--p 00006000 08:07 1573862    /lib/i386-linux-gnu/librt-2.13.so
0094b000-0094c000 rw-p 00007000 08:07 1573862    /lib/i386-linux-gnu/librt-2.13.so
0094c000-0098b000 r-xp 00000000 08:07 2231410    /usr/lib/libibus-1.0.so.0.0.0
0098b000-0098c000 r--p 0003f000 08:07 2231410    /usr/lib/libibus-1.0.so.0.0.0
0098c000-0098d000 rw-p 00040000 08:07 2231410    /usr/lib/libibus-1.0.so.0.0.0
0098e000-009d5000 r-xp 00000000 08:07 2232711    /usr/lib/i386-linux-gnu/libpango-1.0.so.0.2903.0
009d5000-009d6000 r--p 00047000 08:07 2232711    /usr/lib/i386-linux-gnu/libpango-1.0.so.0.2903.0
009d6000-009d7000 rw-p 00048000 08:07 2232711    /usr/lib/i386-linux-gnu/libpango-1.0.so.0.2903.0
009dc000-009e0000 r-xp 00000000 08:07 2229047    /usr/lib/libcanberra-gtk.so.0.1.8
009e0000-009e1000 r--p 00003000 08:07 2229047    /usr/lib/libcanberra-gtk.so.0.1.8
009e1000-009e2000 rw-p 00004000 08:07 2229047    /usr/lib/libcanberra-gtk.so.0.1.8
009e5000-009f0000 r-xp 00000000 08:07 1573839    /lib/i386-linux-gnu/libnss_files-2.13.so
009f0000-009f1000 r--p 0000a000 08:07 1573839    /lib/i386-linux-gnu/libnss_files-2.13.so
009f1000-009f2000 rw-p 0000b000 08:07 1573839    /lib/i386-linux-gnu/libnss_files-2.13.so
009f4000-00a26000 r-xp 00000000 08:07 2232610    /usr/lib/i386-linux-gnu/libfontconfig.so.1.4.4
00a26000-00a27000 ---p 00032000 08:07 2232610    /usr/lib/i386-linux-gnu/libfontconfig.so.1.4.4
00a27000-00a28000 r--p 00032000 08:07 2232610    /usr/lib/i386-linux-gnu/libfontconfig.so.1.4.4
00a28000-00a29000 rw-p 00033000 08:07 2232610    /usr/lib/i386-linux-gnu/libfontconfig.so.1.4.4
00a29000-00a39000 r-xp 00000000 08:07 1578764    /lib/i386-linux-gnu/libudev.so.0.12.0
00a39000-00a3a000 r--p 0000f000 08:07 1578764    /lib/i386-linux-gnu/libudev.so.0.12.0
00a3a000-00a3b000 rw-p 00010000 08:07 1578764    /lib/i386-linux-gnu/libudev.so.0.12.0
00a3e000-00a51000 r-xp 00000000 08:07 1573881    /lib/i386-linux-gnu/libz.so.1.2.3.4
00a51000-00a52000 r--p 00012000 08:07 1573881    /lib/i386-linux-gnu/libz.so.1.2.3.4
00a52000-00a53000 rw-p 00013000 08:07 1573881    /lib/i386-linux-gnu/libz.so.1.2.3.4
00a53000-00b1a000 r-xp 00000000 08:07 2232571    /usr/lib/i386-linux-gnu/libcairo.so.2.11000.2
00b1a000-00b1b000 r--p 000c7000 08:07 2232571    /usr/lib/i386-linux-gnu/libcairo.so.2.11000.2
00b1b000-00b1c000 rw-p 000c8000 08:07 2232571    /usr/lib/i386-linux-gnu/libcairo.so.2.11000.2
00b1c000-00b1e000 rw-p 00000000 00:00 0 
00b1e000-00b77000 r-xp 00000000 08:07 1064671    /usr/local/Aptana Studio 3/configuration/org.eclipse.osgi/bundles/226/1/.cp/libswt-pi-gtk-3659.so
00b77000-00b79000 rw-p 00058000 08:07 1064671    /usr/local/Aptana Studio 3/configuration/org.eclipse.osgi/bundles/226/1/.cp/libswt-pi-gtk-3659.so
00b79000-00b7a000 rw-p 00000000 00:00 0 
00b7e000-00ba6000 r-xp 00000000 08:07 1573828    /lib/i386-linux-gnu/libm-2.13.so
00ba6000-00ba7000 r--p 00028000 08:07 1573828    /lib/i386-linux-gnu/libm-2.13.so
00ba7000-00ba8000 rw-p 00029000 08:07 1573828    /lib/i386-linux-gnu/libm-2.13.so
00ba8000-00bd2000 r-xp 00000000 08:07 2360878    /usr/lib/gio/modules/libgvfsdbus.so
00bd2000-00bd3000 r--p 00029000 08:07 2360878    /usr/lib/gio/modules/libgvfsdbus.so
00bd3000-00bd4000 rw-p 0002a000 08:07 2360878    /usr/lib/gio/modules/libgvfsdbus.so
00bda000-00be8000 r-xp 00000000 08:07 2231570    /usr/lib/liboverlay-scrollbar-0.2.so.0.0.11
00be8000-00be9000 r--p 0000d000 08:07 2231570    /usr/lib/liboverlay-scrollbar-0.2.so.0.0.11
00be9000-00bea000 rw-p 0000e000 08:07 2231570    /usr/lib/liboverlay-scrollbar-0.2.so.0.0.11
00bea000-00bfd000 r-xp 00000000 08:07 2360877    /usr/lib/gio/modules/libgioremote-volume-monitor.so
00bfd000-00bfe000 r--p 00012000 08:07 2360877    /usr/lib/gio/modules/libgioremote-volume-monitor.so
00bfe000-00bff000 rw-p 00013000 08:07 2360877    /usr/lib/gio/modules/libgioremote-volume-monitor.so
00bff000-00c08000 r-xp 00000000 08:07 1064685    /usr/local/Aptana Studio 3/configuration/org.eclipse.osgi/bundles/226/1/.cp/libswt-atk-gtk-3659.so
00c08000-00c09000 rw-p 00008000 08:07 1064685    /usr/local/Aptana Studio 3/configuration/org.eclipse.osgi/bundles/226/1/.cp/libswt-atk-gtk-3659.so
00c0c000-00c0f000 r-xp 00000000 08:07 1573809    /lib/i386-linux-gnu/libdl-2.13.so
00c0f000-00c10000 r--p 00002000 08:07 1573809    /lib/i386-linux-gnu/libdl-2.13.so
00c10000-00c11000 rw-p 00003000 08:07 1573809    /lib/i386-linux-gnu/libdl-2.13.so
00c11000-00c1b000 r-xp 00000000 08:07 1064686    /usr/local/Aptana Studio 3/configuration/org.eclipse.osgi/bundles/226/1/.cp/libswt-cairo-gtk-3659.so
00c1b000-00c1c000 rw-p 00009000 08:07 1064686    /usr/local/Aptana Studio 3/configuration/org.eclipse.osgi/bundles/226/1/.cp/libswt-cairo-gtk-3659.so
00c1d000-00c25000 r-xp 00000000 08:07 1573835    /lib/i386-linux-gnu/libnss_compat-2.13.so
00c25000-00c26000 r--p 00007000 08:07 1573835    /lib/i386-linux-gnu/libnss_compat-2.13.so
00c26000-00c27000 rw-p 00008000 08:07 1573835    /lib/i386-linux-gnu/libnss_compat-2.13.so
00c27000-00c37000 r-xp 00000000 08:07 2231140    /usr/lib/libdbusmenu-gtk.so.4.0.5
00c37000-00c38000 ---p 00010000 08:07 2231140    /usr/lib/libdbusmenu-gtk.so.4.0.5
00c38000-00c39000 r--p 00010000 08:07 2231140    /usr/lib/libdbusmenu-gtk.so.4.0.5
00c39000-00c3a000 rw-p 00011000 08:07 2231140    /usr/lib/libdbusmenu-gtk.so.4.0.5
00c40000-00c51000 r-xp 00000000 08:07 2232519    /usr/lib/i386-linux-gnu/libXext.so.6.4.0
00c51000-00c52000 r--p 00010000 08:07 2232519    /usr/lib/i386-linux-gnu/libXext.so.6.4.0
00c52000-00c53000 rw-p 00011000 08:07 2232519    /usr/lib/i386-linux-gnu/libXext.so.6.4.0
00c53000-00cd1000 r-xp 00000000 08:07 2232729    /usr/lib/i386-linux-gnu/libpixman-1.so.0.22.2
00cd1000-00cd5000 r--p 0007d000 08:07 2232729    /usr/lib/i386-linux-gnu/libpixman-1.so.0.22.2
00cd5000-00cd6000 rw-p 00081000 08:07 2232729    /usr/lib/i386-linux-gnu/libpixman-1.so.0.22.2
00cd6000-00cfc000 r-xp 00000000 08:07 2248189    /usr/lib/jvm/java-6-openjdk/jre/lib/i386/libjava.so
00cfc000-00cfd000 r--p 00025000 08:07 2248189    /usr/lib/jvm/java-6-openjdk/jre/lib/i386/libjava.so
00cfd000-00cff000 rw-p 00026000 08:07 2248189    /usr/lib/jvm/java-6-openjdk/jre/lib/i386/libjava.so
00cff000-00d91000 r-xp 00000000 08:07 2232583    /usr/lib/i386-linux-gnu/libfreetype.so.6.6.2
00d91000-00d95000 r--p 00091000 08:07 2232583    /usr/lib/i386-linux-gnu/libfreetype.so.6.6.2
00d95000-00d96000 rw-p 00095000 08:07 2232583    /usr/lib/i386-linux-gnu/libfreetype.so.6.6.2
00d96000-00dae000 r-xp 00000000 08:07 2231138    /usr/lib/libdbusmenu-glib.so.4.0.5
00dae000-00daf000 r--p 00017000 08:07 2231138    /usr/lib/libdbusmenu-glib.so.4.0.5
00daf000-00db0000 rw-p 00018000 08:07 2231138    /usr/lib/libdbusmenu-glib.so.4.0.5
00dc7000-00ea5000 r-xp 00000000 08:07 2232772    /usr/lib/i386-linux-gnu/libstdc++.so.6.0.16
00ea5000-00ea6000 ---p 000de000 08:07 2232772    /usr/lib/i386-linux-gnu/libstdc++.so.6.0.16
00ea6000-00eaa000 r--p 000de000 08:07 2232772    /usr/lib/i386-linux-gnu/libstdc++.so.6.0.16
00eaa000-00eab000 rw-p 000e2000 08:07 2232772    /usr/lib/i386-linux-gnu/libstdc++.so.6.0.16
00eab000-00eb2000 rw-p 00000000 00:00 0 
00ec0000-00ec6000 r-xp 00000000 08:07 2232709    /usr/lib/i386-linux-gnu/libogg.so.0.7.1
00ec6000-00ec7000 r--p 00005000 08:07 2232709    /usr/lib/i386-linux-gnu/libogg.so.0.7.1
00ec7000-00ec8000 rw-p 00006000 08:07 2232709    /usr/lib/i386-linux-gnu/libogg.so.0.7.1
00ed5000-00eec000 r-xp 00000000 08:07 1573858    /lib/i386-linux-gnu/libpthread-2.13.so
00eec000-00eed000 r--p 00016000 08:07 1573858    /lib/i386-linux-gnu/libpthread-2.13.so
00eed000-00eee000 rw-p 00017000 08:07 1573858    /lib/i386-linux-gnu/libpthread-2.13.so
00eee000-00ef0000 rw-p 00000000 00:00 0 
00ef0000-01403000 r-xp 00000000 08:07 2228966    /usr/lib/jvm/java-6-openjdk/jre/lib/i386/client/libjvm.so
01403000-0141a000 r--p 00512000 08:07 2228966    /usr/lib/jvm/java-6-openjdk/jre/lib/i386/client/libjvm.so
0141a000-01427000 rw-p 00529000 08:07 2228966    /usr/lib/jvm/java-6-openjdk/jre/lib/i386/client/libjvm.so
01427000-0183f000 rw-p 00000000 00:00 0 
034c1000-03922000 r-xp 00000000 08:07 2232647    /usr/lib/i386-linux-gnu/libgtk-x11-2.0.so.0.2400.6
03922000-03926000 r--p 00461000 08:07 2232647    /usr/lib/i386-linux-gnu/libgtk-x11-2.0.so.0.2400.6
03926000-03928000 rw-p 00465000 08:07 2232647    /usr/lib/i386-linux-gnu/libgtk-x11-2.0.so.0.2400.6
03928000-0392a000 rw-p 00000000 00:00 0 
045e4000-04715000 r-xp 00000000 08:07 2232507    /usr/lib/i386-linux-gnu/libX11.so.6.3.0
04715000-04716000 ---p 00131000 08:07 2232507    /usr/lib/i386-linux-gnu/libX11.so.6.3.0
04716000-04717000 r--p 00131000 08:07 2232507    /usr/lib/i386-linux-gnu/libX11.so.6.3.0
04717000-04719000 rw-p 00132000 08:07 2232507    /usr/lib/i386-linux-gnu/libX11.so.6.3.0
04719000-0471a000 rw-p 00000000 00:00 0 
06325000-0636c000 r-xp 00000000 08:07 1573808    /lib/i386-linux-gnu/libdbus-1.so.3.5.7
0636c000-0636d000 r--p 00046000 08:07 1573808    /lib/i386-linux-gnu/libdbus-1.so.3.5.7
0636d000-0636e000 rw-p 00047000 08:07 1573808    /lib/i386-linux-gnu/libdbus-1.so.3.5.7
08048000-0804c000 r-xp 00000000 08:07 2361197    /usr/local/Aptana Studio 3/AptanaStudio3
0804c000-0804d000 rw-p 00003000 08:07 2361197    /usr/local/Aptana Studio 3/AptanaStudio3
08614000-088ce000 rw-p 00000000 00:00 0          [heap]
63a00000-64760000 rw-p 00000000 00:00 0 
64760000-6e4a0000 rw-p 00000000 00:00 0 
6e4a0000-6ff50000 rw-p 00000000 00:00 0 
6ff50000-83a00000 rw-p 00000000 00:00 0 
83a00000-85080000 rw-p 00000000 00:00 0 
85080000-93a00000 rw-p 00000000 00:00 0 
93a00000-94161000 r--s 00001000 08:07 2229836    /usr/lib/jvm/java-6-openjdk/jre/lib/i386/client/classes.jsa
94161000-94400000 rw-p 00000000 00:00 0 
94400000-94b4a000 rw-p 00762000 08:07 2229836    /usr/lib/jvm/java-6-openjdk/jre/lib/i386/client/classes.jsa
94b4a000-95000000 rw-p 00000000 00:00 0 
95000000-950fc000 rw-p 00eac000 08:07 2229836    /usr/lib/jvm/java-6-openjdk/jre/lib/i386/client/classes.jsa
950fc000-95400000 rw-p 00000000 00:00 0 
95400000-95408000 r-xs 00fa8000 08:07 2229836    /usr/lib/jvm/java-6-openjdk/jre/lib/i386/client/classes.jsa
95408000-95800000 rw-p 00000000 00:00 0 
b2f00000-b2f70000 rw-p 00000000 00:00 0 
b2f70000-b3000000 ---p 00000000 00:00 0 
b30c7000-b30c9000 r--s 00011000 08:07 2370253    /usr/local/Aptana Studio 3/plugins/com.aptana.syncing.core_3.0.0.1321920947.jar
b30c9000-b30ce000 r--s 00038000 08:07 2374901    /usr/local/Aptana Studio 3/plugins/org.eclipse.text_3.5.0.v20100601-1300.jar
b30ce000-b30d1000 r--s 00019000 08:07 2375056    /usr/local/Aptana Studio 3/plugins/org.eclipse.core.filebuffers_3.5.100.v20100520-0800.jar
b30d1000-b30d7000 r--s 00044000 08:07 265800     /usr/local/Aptana Studio 3/plugins/com.python.pydev.analysis_2.2.4.2011121401/analysis.jar
b30d7000-b30d8000 r--s 00006000 08:07 265275     /usr/local/Aptana Studio 3/plugins/org.python.pydev_2.2.4.2011121401/libs/WinRegistry-4.4.jar
b30d8000-b30db000 r--s 0006f000 08:07 669994     /usr/local/Aptana Studio 3/plugins/org.python.pydev.core_2.2.4.2011121401/lib/jpathwatch-0-94.jar
b30db000-b30dd000 r--s 0000b000 08:07 669986     /usr/local/Aptana Studio 3/plugins/org.python.pydev.core_2.2.4.2011121401/commons-codec.jar
b30dd000-b30e3000 r--s 00041000 08:07 670000     /usr/local/Aptana Studio 3/plugins/org.python.pydev.core_2.2.4.2011121401/core.jar
b30e3000-b30fd000 r--s 00171000 08:07 2636203    /usr/local/Aptana Studio 3/plugins/org.python.pydev_2.2.4.2011121401/pydev.jar
b30fd000-b30ff000 r--s 0000a000 08:07 2375065    /usr/local/Aptana Studio 3/plugins/com.aptana.core.epl_3.0.0.1326829673.jar
b30ff000-b3102000 r--s 0001a000 08:07 2373039    /usr/local/Aptana Studio 3/plugins/com.aptana.core.io_3.0.3.1321920947.jar
b3102000-b3108000 r--s 00049000 08:07 2374886    /usr/local/Aptana Studio 3/plugins/com.aptana.ui.io_3.0.0.1325721413.jar
b3108000-b3111000 r--s 0005a000 08:07 2373018    /usr/local/Aptana Studio 3/plugins/org.eclipse.ui.navigator_3.5.0.I20100601-0800.jar
b3111000-b3118000 r--s 0003b000 08:07 2373035    /usr/local/Aptana Studio 3/plugins/com.aptana.js.debug.ui_3.0.0.1313451701.jar
b3118000-b3149000 r--s 00240000 08:07 2373015    /usr/local/Aptana Studio 3/plugins/org.eclipse.debug.ui_3.6.3.v20101201_r362.jar
b3149000-b314c000 r--s 00013000 08:07 2374882    /usr/local/Aptana Studio 3/plugins/org.eclipse.ui.views_3.5.1.M20110202-0800.jar
b314c000-b3150000 r--s 00024000 08:07 2370196    /usr/local/Aptana Studio 3/plugins/org.eclipse.ui.console_3.5.0.v20100526.jar
b3150000-b3154000 r--s 0001a000 08:07 2371802    /usr/local/Aptana Studio 3/plugins/org.eclipse.ui.navigator.resources_3.4.202.M20101124-0800.jar
b3154000-b3158000 r--s 00025000 08:07 2374879    /usr/local/Aptana Studio 3/plugins/com.aptana.ui_3.0.3.1325786963.jar
b3158000-b315b000 rw-s 00000000 00:04 8159245    /SYSV00000000 (deleted)
b315b000-b315f000 r--s 0002b000 08:07 2374956    /usr/local/Aptana Studio 3/plugins/com.aptana.theme_3.0.0.1320258654.jar
b315f000-b3161000 r--s 0000e000 08:07 2375080    /usr/local/Aptana Studio 3/plugins/org.eclipse.ui.ide.application_1.0.201.M20100707-0800.jar
b3161000-b3164000 ---p 00000000 00:00 0 
b3164000-b31b2000 rw-p 00000000 00:00 0 
b31b2000-b31b5000 ---p 00000000 00:00 0 
b31b5000-b3203000 rw-p 00000000 00:00 0 
b3203000-b3205000 r--s 00059000 08:07 2374889    /usr/local/Aptana Studio 3/plugins/com.aptana.filewatcher_3.0.1.1317316381.jar
b3205000-b3208000 ---p 00000000 00:00 0 
b3208000-b3256000 rw-p 00000000 00:00 0 
b3256000-b3257000 r--s 00002000 08:07 2774576    /usr/local/Aptana Studio 3/plugins/com.aptana.libraries_3.0.0.1312318673/uuid.jar
b3257000-b327e000 r--s 0025e000 08:07 2774578    /usr/local/Aptana Studio 3/plugins/com.aptana.libraries_3.0.0.1312318673/derby.jar
b327e000-b3282000 r--s 00038000 08:07 2373052    /usr/local/Aptana Studio 3/plugins/com.aptana.core_3.0.4.1325689477.jar
b3282000-b3286000 r--s 0003b000 08:07 2374907    /usr/local/Aptana Studio 3/plugins/org.eclipse.help_3.5.0.v20100524.jar
b3286000-b328e000 r--s 00049000 08:07 2375086    /usr/local/Aptana Studio 3/plugins/org.eclipse.ui.cheatsheets_3.4.0.v20100427.jar
b328e000-b3293000 r--s 0002a000 08:07 2375083    /usr/local/Aptana Studio 3/plugins/org.eclipse.ui.browser_3.3.1.r36_20101216.jar
b3293000-b329d000 r--s 0006e000 08:07 2374969    /usr/local/Aptana Studio 3/plugins/org.eclipse.help.ui_3.5.3.r36_20101116.jar
b329d000-b329f000 r--s 0000e000 08:07 2374915    /usr/local/Aptana Studio 3/plugins/com.aptana.ui.s3_3.0.0.1312932604.jar
b329f000-b32a2000 r--s 00012000 08:07 2373005    /usr/local/Aptana Studio 3/plugins/com.aptana.ui.ftp_3.0.0.1315851584.jar
b32a2000-b32aa000 r--s 0006e000 08:07 2374949    /usr/local/Aptana Studio 3/plugins/com.aptana.syncing.ui_3.0.3.1320185576.jar
b32aa000-b32af000 r--s 00041000 08:07 2374902    /usr/local/Aptana Studio 3/plugins/com.aptana.portal.ui_3.0.0.1322703189.jar
b32af000-b32b2000 ---p 00000000 00:00 0 
b32b2000-b3300000 rw-p 00000000 00:00 0 
b3300000-b33ff000 rw-p 00000000 00:00 0 
b33ff000-b3400000 ---p 00000000 00:00 0 
b3400000-b3402000 r--s 00009000 08:07 2375004    /usr/local/Aptana Studio 3/plugins/com.aptana.samples.ui_3.0.0.1326317251.jar
b3402000-b3404000 r--s 00014000 08:07 2375072    /usr/local/Aptana Studio 3/plugins/com.aptana.projects_3.0.0.1326758008.jar
b3404000-b340a000 r--s 00043000 08:07 2373014    /usr/local/Aptana Studio 3/plugins/com.aptana.git.ui_3.0.3.1326915778.jar
b340a000-b340e000 r--s 00023000 08:07 2374906    /usr/local/Aptana Studio 3/plugins/com.aptana.explorer_3.0.0.1316716614.jar
b340e000-b3411000 r--s 00025000 08:07 2374966    /usr/local/Aptana Studio 3/plugins/com.aptana.editor.ruby_3.0.3.1320702265.jar
b3411000-b3415000 r--s 00038000 08:07 2374973    /usr/local/Aptana Studio 3/plugins/com.aptana.editor.html_3.0.3.1326238925.jar
b3415000-b3422000 r--s 000a3000 08:07 2374981    /usr/local/Aptana Studio 3/plugins/com.aptana.editor.common_3.0.3.1325798464.jar
b3422000-b3425000 r--s 00013000 08:07 2373038    /usr/local/Aptana Studio 3/plugins/org.eclipse.core.expressions_3.4.200.v20100505.jar
b3425000-b3446000 r--s 00607000 08:07 2375082    /usr/local/Aptana Studio 3/plugins/com.ibm.icu_4.2.1.v20100412.jar
b3446000-b344e000 r--s 0003b000 08:07 2373033    /usr/local/Aptana Studio 3/plugins/org.eclipse.core.databinding.observable_1.3.0.I20100601-0800.jar
b344e000-b3456000 r--s 0003a000 08:07 2373054    /usr/local/Aptana Studio 3/plugins/org.eclipse.jface.databinding_1.4.0.I20100601-0800.jar
b3456000-b3459000 r--s 00014000 08:07 2370232    /usr/local/Aptana Studio 3/plugins/org.eclipse.core.contenttype_3.4.100.v20100505-1235.jar
b3459000-b345a000 ---p 00000000 00:00 0 
b345a000-b3c5a000 rw-p 00000000 00:00 0 
b3c5a000-b3c5b000 ---p 00000000 00:00 0 
b3c5b000-b445b000 rw-p 00000000 00:00 0 
b445b000-b4500000 r--p 00000000 08:07 132656     /usr/share/fonts/truetype/ttf-dejavu/DejaVuSans-Bold.ttf
b4500000-b4600000 rw-p 00000000 00:00 0 
b4600000-b4631000 r--p 00000000 08:07 149729     /usr/share/fonts/truetype/ttf-kannada-fonts/lohit_kn.ttf
b4631000-b4657000 r--s 0020a000 08:07 2373019    /usr/local/Aptana Studio 3/plugins/org.eclipse.ui.ide_3.6.2.M20101201-0800.jar
b4657000-b46a9000 r--p 00000000 08:07 132659     /usr/share/fonts/truetype/ttf-dejavu/DejaVuSansMono.ttf
b46a9000-b4700000 r--p 00000000 08:07 132706     /usr/share/fonts/truetype/ubuntu-font-family/Ubuntu-R.ttf
b4700000-b4800000 rw-p 00000000 00:00 0 
b4800000-b4802000 r--s 00010000 08:07 2373016    /usr/local/Aptana Studio 3/plugins/com.aptana.preview_3.0.0.1324505261.jar
b4802000-b4804000 r--s 0000b000 08:07 2375067    /usr/local/Aptana Studio 3/plugins/org.eclipse.core.filesystem_1.3.1.R36x_v20100727-0745.jar
b4804000-b4810000 r--s 000b2000 08:07 2375006    /usr/local/Aptana Studio 3/plugins/org.eclipse.core.resources_3.6.1.R36x_v20110131-1630.jar
b4810000-b4811000 r--s 00000000 08:07 532355     /var/cache/fontconfig/c05880de57d1f5e948fdfacc138775d9-le32d4.cache-3
b4811000-b4817000 r--s 00000000 08:07 532352     /var/cache/fontconfig/945677eb7aeaf62f1d50efc3fb3ec7d8-le32d4.cache-3
b4817000-b4819000 r--s 00000000 08:07 532353     /var/cache/fontconfig/99e8ed0e538f840c565b6ed5dad60d56-le32d4.cache-3
b4819000-b481c000 r--s 00000000 08:07 532363     /var/cache/fontconfig/e383d7ea5fbe662a33d9b44caf393297-le32d4.cache-3
b481c000-b481f000 r--s 00000000 08:07 532340     /var/cache/fontconfig/2cd17615ca594fa2959ae173292e504c-le32d4.cache-3
b481f000-b4820000 r--s 00000000 08:07 532364     /var/cache/fontconfig/e7071f4a29fa870f4323321c154eba04-le32d4.cache-3
b4820000-b4824000 r--s 00000000 08:07 532349     /var/cache/fontconfig/6eb3985aa4124903f6ff08ba781cd364-le32d4.cache-3
b4824000-b4825000 r--s 00000000 08:07 532344     /var/cache/fontconfig/4c73fe0c47614734b17d736dbde7580a-le32d4.cache-3
b4825000-b4826000 r--s 00000000 08:07 532337     /var/cache/fontconfig/0d8c3b2ac0904cb8a57a757ad11a4a08-le32d4.cache-3
b4826000-b4828000 r--s 00000000 08:07 532357     /var/cache/fontconfig/646addb8444faa74ee138aa00ab0b6a0-le32d4.cache-3
b4828000-b4829000 r--s 00000000 08:07 532347     /var/cache/fontconfig/6a53c69dea097a2d716e069445527da8-le32d4.cache-3
b4829000-b482d000 r--s 00000000 08:07 532354     /var/cache/fontconfig/a755afe4a08bf5b97852ceb7400b47bc-le32d4.cache-3
b482d000-b4834000 r--s 00000000 08:07 533565     /var/cache/fontconfig/6d41288fd70b0be22e8c3a91e032eec0-le32d4.cache-3
b4834000-b483f000 r--s 00000000 08:07 532338     /var/cache/fontconfig/0f34bcd4b6ee430af32735b75db7f02b-le32d4.cache-3
b483f000-b4842000 r--s 00000000 08:07 532360     /var/cache/fontconfig/d60319d88cac85ba9e1a07bd06cfbb8c-le32d4.cache-3
b4842000-b4843000 r--s 00000000 08:07 534426     /var/cache/fontconfig/4794a0821666d79190d59a36cb4f44b5-le32d4.cache-3
b4843000-b4850000 r--s 00000000 08:07 532359     /var/cache/fontconfig/d52a8644073d54c13679302ca1180695-le32d4.cache-3
b4850000-b4852000 r--s 00000000 08:07 532465     /var/cache/fontconfig/e13b20fdb08344e0e664864cc2ede53d-le32d4.cache-3
b4852000-b4855000 r--s 00000000 08:07 532362     /var/cache/fontconfig/7ef2298fde41cc6eeb7af42e48b7d293-le32d4.cache-3
b4855000-b4867000 r--p 00000000 08:07 2770072    /usr/share/locale-langpack/kn/LC_MESSAGES/glib20.mo
b4867000-b486b000 r--s 00017000 08:07 2375066    /usr/local/Aptana Studio 3/plugins/org.eclipse.core.commands_3.6.0.I20100512-1500.jar
b486b000-b4870000 r--s 00021000 08:07 2374899    /usr/local/Aptana Studio 3/plugins/org.eclipse.ui_3.6.2.M20110203-1100.jar
b4870000-b4884000 r--s 00213000 08:07 2374998    /usr/local/Aptana Studio 3/plugins/org.eclipse.swt.gtk.linux.x86_3.6.2.v3659b.jar
b4884000-b4885000 r--s 00004000 08:07 2374881    /usr/local/Aptana Studio 3/plugins/org.eclipse.swt_3.6.2.v3659c.jar
b4885000-b489a000 r--s 000f1000 08:07 2374891    /usr/local/Aptana Studio 3/plugins/org.eclipse.jface_3.6.2.M20110210-1200.jar
b489a000-b489c000 r--s 00001000 08:07 537137     /usr/local/Aptana Studio 3/plugins/org.eclipse.ui.workbench.compatibility_3.2.100.I20100511-0800/compatibility.jar
b489c000-b48e3000 r--s 003ab000 08:07 2375018    /usr/local/Aptana Studio 3/plugins/org.eclipse.ui.workbench_3.6.2.M20110210-1200.jar
b48e3000-b48e5000 r--s 00016000 08:07 2362999    /usr/local/Aptana Studio 3/plugins/org.eclipse.equinox.p2.director_2.0.3.R36x_v20101117-1018.jar
b48e5000-b48e7000 r--s 00007000 08:07 2375012    /usr/local/Aptana Studio 3/plugins/org.eclipse.equinox.p2.extensionlocation_1.2.0.v20100518.jar
b48e7000-b48ea000 r--s 0001a000 08:07 2375068    /usr/local/Aptana Studio 3/plugins/org.eclipse.equinox.p2.touchpoint.eclipse_2.0.3.R36x_v20101202.jar
b48ea000-b48ed000 ---p 00000000 00:00 0 
b48ed000-b493b000 rw-p 00000000 00:00 0 
b493b000-b493e000 r--s 0001c000 08:07 2374914    /usr/local/Aptana Studio 3/plugins/org.eclipse.equinox.p2.artifact.repository_1.1.1.R36x_v20100901.jar
b493e000-b4942000 r--s 00028000 08:07 2375045    /usr/local/Aptana Studio 3/plugins/org.eclipse.equinox.p2.engine_2.0.1.R36x_v20110201.jar
b4942000-b4945000 r--s 00017000 08:07 2375015    /usr/local/Aptana Studio 3/plugins/org.eclipse.equinox.security_1.0.200.v20100503.jar
b4945000-b4948000 r--s 00018000 08:07 2374903    /usr/local/Aptana Studio 3/plugins/org.eclipse.equinox.p2.metadata.repository_1.1.0.v20100513.jar
b4948000-b494c000 r--s 00021000 08:07 2374880    /usr/local/Aptana Studio 3/plugins/org.eclipse.equinox.p2.repository_2.0.2.R36x_v20110111-1500.jar
b494c000-b4954000 r--s 00049000 08:07 2373051    /usr/local/Aptana Studio 3/plugins/org.eclipse.equinox.p2.metadata_2.0.1.R36x_v20101202.jar
b4954000-b4959000 r--s 00040000 08:07 2374959    /usr/local/Aptana Studio 3/plugins/org.eclipse.equinox.p2.publisher_1.1.2.v20100824-2220.jar
b4959000-b495c000 r--s 0000e000 08:07 2366806    /usr/local/Aptana Studio 3/plugins/org.eclipse.equinox.p2.core_2.0.3.R36x_v20110111.jar
b495c000-b495d000 r--s 00007000 08:07 2374960    /usr/local/Aptana Studio 3/plugins/org.eclipse.equinox.p2.directorywatcher_1.0.203.R36x_v20101220.jar
b495d000-b495e000 r--s 0000a000 08:07 2374945    /usr/local/Aptana Studio 3/plugins/org.eclipse.equinox.p2.reconciler.dropins_1.1.2.R36x_v20110114.jar
b495e000-b4960000 r--s 00015000 08:07 2375024    /usr/local/Aptana Studio 3/plugins/org.eclipse.core.runtime.compatibility_3.2.100.v20100505.jar
b4960000-b4963000 r--s 001ce000 08:07 2374978    /usr/local/Aptana Studio 3/plugins/com.aptana.rcp_3.0.8.201201201658.jar
b4963000-b4965000 r--s 00013000 08:07 2375090    /usr/local/Aptana Studio 3/plugins/org.eclipse.equinox.app_1.3.1.R36x_v20100803.jar
b4965000-b4968000 ---p 00000000 00:00 0 
b4968000-b49b6000 rw-p 00000000 00:00 0 
b49b6000-b49b9000 r--s 00014000 08:07 2374979    /usr/local/Aptana Studio 3/plugins/org.eclipse.core.jobs_3.5.1.R36x_v20100824.jar
b49b9000-b49bc000 r--s 00019000 08:07 2363206    /usr/local/Aptana Studio 3/plugins/org.eclipse.equinox.preferences_3.3.0.v20100503.jar
b49bc000-b49bf000 ---p 00000000 00:00 0 
b49bf000-b4a0d000 rw-p 00000000 00:00 0 
b4a0d000-b4a10000 ---p 00000000 00:00 0 
b4a10000-b4a5e000 rw-p 00000000 00:00 0 
b4a5e000-b4a61000 ---p 00000000 00:00 0 
b4a61000-b4aaf000 rw-p 00000000 00:00 0 
b4aaf000-b4ab2000 ---p 00000000 00:00 0 
b4ab2000-b4b00000 rw-p 00000000 00:00 0 
b4b00000-b4bfa000 rw-p 00000000 00:00 0 
b4bfa000-b4c00000 ---p 00000000 00:00 0 
b4c00000-b4c04000 r--s 00029000 08:07 2369829    /usr/local/Aptana Studio 3/plugins/org.eclipse.equinox.registry_3.5.0.v20100503.jar
b4c04000-b4c06000 r--s 00010000 08:07 2374976    /usr/local/Aptana Studio 3/plugins/org.eclipse.core.runtime_3.6.0.v20100505.jar
b4c06000-b4c09000 r--s 0000e000 08:07 2370259    /usr/local/Aptana Studio 3/plugins/org.eclipse.osgi.services_3.2.100.v20100503.jar
b4c09000-b4c0c000 ---p 00000000 00:00 0 
b4c0c000-b4c5a000 rw-p 00000000 00:00 0 
b4c5a000-b4c6b000 r--s 00108000 08:07 2375034    /usr/local/Aptana Studio 3/plugins/org.eclipse.osgi_3.6.2.R36x_v20110210.jar
b4c6b000-b4ccb000 rw-s 00000000 00:04 8126476    /SYSV00000000 (deleted)
b4ccb000-b4d42000 rw-p 00000000 00:00 0 
b4d42000-b4d7f000 r--p 00000000 08:07 2770065    /usr/share/locale-langpack/kn/LC_MESSAGES/gtk20-properties.mo
b4d7f000-b4d80000 ---p 00000000 00:00 0 
b4d80000-b4e00000 rw-p 00000000 00:00 0 
b4e00000-b4f00000 rw-p 00000000 00:00 0 
b4f00000-b4f01000 r--s 00000000 08:07 2373034    /usr/local/Aptana Studio 3/plugins/com.aptana.rcp.studio_3.0.0.201201201658.jar
b4f01000-b4f03000 r--s 00011000 08:07 2374972    /usr/local/Aptana Studio 3/plugins/org.eclipse.equinox.util_1.0.200.v20100503.jar
b4f03000-b4f05000 r--s 0002b000 08:07 2374905    /usr/local/Aptana Studio 3/plugins/org.eclipse.equinox.ds_1.2.1.R36x_v20100803.jar
b4f05000-b4f07000 r--s 00017000 08:07 2374950    /usr/local/Aptana Studio 3/plugins/org.eclipse.equinox.common_3.6.0.v20100503.jar
b4f07000-b4f0f000 r--p 00000000 08:07 2770071    /usr/share/locale-langpack/kn/LC_MESSAGES/gdk-pixbuf.mo
b4f0f000-b4f29000 r--s 00000000 08:07 2764350    /usr/share/mime/mime.cache
b4f29000-b4f2a000 r--s 00000000 08:06 263013     /home/gayithri/.local/share/mime/mime.cache
b4f2a000-b4f2b000 r--s 00005000 08:07 2371800    /usr/local/Aptana Studio 3/plugins/org.eclipse.core.runtime.compatibility.auth_3.2.200.v20100517.jar
b4f2b000-b4f32000 r--s 00000000 08:07 2361485    /usr/lib/i386-linux-gnu/gconv/gconv-modules.cache
b4f32000-b4f46000 r--p 00000000 08:07 2770064    /usr/share/locale-langpack/kn/LC_MESSAGES/gtk20.mo
b4f46000-b4f47000 r--s 00002000 08:07 670020     /usr/local/Aptana Studio 3/plugins/org.eclipse.core.runtime.compatibility.registry_3.3.0.v20100520/runtime_registry_compatibility.jar
b4f47000-b4f49000 r--s 00008000 08:07 2371780    /usr/local/Aptana Studio 3/plugins/org.eclipse.equinox.simpleconfigurator_1.0.200.v20100503.jar
b4f49000-b4f50000 r--s 000fb000 08:07 2234568    /usr/lib/jvm/java-6-openjdk/jre/lib/resources.jar
b4f50000-b4f53000 r--s 0007d000 08:07 2234564    /usr/lib/jvm/java-6-openjdk/jre/lib/jsse.jar
b4f53000-b4f5b000 r--s 00066000 08:07 2770402    /usr/share/java/gnome-java-bridge.jar
b4f5b000-b4f5e000 ---p 00000000 00:00 0 
b4f5e000-b4fac000 rw-p 00000000 00:00 0 
b4fac000-b4faf000 ---p 00000000 00:00 0 
b4faf000-b502d000 rw-p 00000000 00:00 0 
b502d000-b5030000 ---p 00000000 00:00 0 
b5030000-b507e000 rw-p 00000000 00:00 0 
b507e000-b5081000 ---p 00000000 00:00 0 
b5081000-b50cf000 rw-p 00000000 00:00 0 
b50cf000-b50d2000 ---p 00000000 00:00 0 
b50d2000-b5120000 rw-p 00000000 00:00 0 
b5120000-b5121000 ---p 00000000 00:00 0 
b5121000-b51d4000 rw-p 00000000 00:00 0 
b51d4000-b5364000 r--s 037ba000 08:07 2228943    /usr/lib/jvm/java-6-openjdk/jre/lib/rt.jar
b5364000-b5370000 rw-p 00000000 00:00 0 
b5370000-b53e5000 rw-p 00000000 00:00 0 
b53e5000-b53f3000 rw-p 00000000 00:00 0 
b53f3000-b5490000 rw-p 00000000 00:00 0 
b5490000-b5497000 rw-p 00000000 00:00 0 
b5497000-b54e5000 rw-p 00000000 00:00 0 
b54e5000-b54f3000 rw-p 00000000 00:00 0 
b54f3000-b5590000 rw-p 00000000 00:00 0 
b5590000-b559c000 rw-p 00000000 00:00 0 
b559c000-b5610000 rw-p 00000000 00:00 0 
b5610000-b5626000 rw-p 00000000 00:00 0 
b5626000-b569c000 rw-p 00000000 00:00 0 
b569c000-b591c000 rwxp 00000000 00:00 0 
b591c000-b769c000 rw-p 00000000 00:00 0 
b769c000-b76a4000 rw-s 00000000 08:07 2623219    /tmp/hsperfdata_gayithri/16852
b76a4000-b76a5000 rw-p 00000000 00:00 0 
b76a5000-b76a6000 ---p 00000000 00:00 0 
b76a6000-b76e8000 r--p 00858000 08:07 2232939    /usr/lib/locale/locale-archive
b76e8000-b78e8000 r--p 00000000 08:07 2232939    /usr/lib/locale/locale-archive
b78e8000-b78ea000 rw-p 00000000 00:00 0 
b78ea000-b78ec000 r--s 0000a000 08:07 2375053    /usr/local/Aptana Studio 3/plugins/org.eclipse.equinox.launcher_1.1.1.R36x_v20101122_1400.jar
b78ec000-b78ee000 r--s 0000f000 08:07 2233011    /usr/lib/jvm/java-6-openjdk/jre/lib/ext/pulse-java.jar
b78ee000-b78fd000 rw-p 00000000 00:00 0 
bfe81000-bfe84000 ---p 00000000 00:00 0 
bfe85000-bfed1000 rw-p 00000000 00:00 0          [stack]

VM Arguments:
jvm_args: -Xms40m -Xmx512m -Declipse.p2.unsignedPolicy=allow -Declipse.log.size.max=10000 -Declipse.log.backup.max=5 -Djava.awt.headless=true -XX:MaxPermSize=256m 
java_command: <unknown>
Launcher Type: generic

Environment Variables:
PATH=/usr/lib/lightdm/lightdm:/usr/local/sbin:/usr/local/bin:/usr/sbin:/usr/bin:/sbin:/bin:/usr/games
USERNAME=gayithri
LD_LIBRARY_PATH=/usr/lib/jvm/java-6-openjdk/jre/lib/i386/client:/usr/lib/jvm/java-6-openjdk/jre/lib/i386:
SHELL=/bin/bash
DISPLAY=:0

Signal Handlers:
SIGSEGV: [libjvm.so+0x3e3640], sa_mask[0]=0x7ffbfeff, sa_flags=0x10000004
SIGBUS: [libjvm.so+0x3e3640], sa_mask[0]=0x7ffbfeff, sa_flags=0x10000004
SIGFPE: [libjvm.so+0x300e10], sa_mask[0]=0x7ffbfeff, sa_flags=0x10000004
SIGPIPE: SIG_IGN, sa_mask[0]=0x00001000, sa_flags=0x10000000
SIGXFSZ: [libjvm.so+0x300e10], sa_mask[0]=0x7ffbfeff, sa_flags=0x10000004
SIGILL: [libjvm.so+0x300e10], sa_mask[0]=0x7ffbfeff, sa_flags=0x10000004
SIGUSR1: SIG_DFL, sa_mask[0]=0x00000000, sa_flags=0x00000000
SIGUSR2: [libjvm.so+0x300ca0], sa_mask[0]=0x00000000, sa_flags=0x10000004
SIGHUP: [libjvm.so+0x303d40], sa_mask[0]=0x7ffbfeff, sa_flags=0x10000004
SIGINT: [libjvm.so+0x303d40], sa_mask[0]=0x7ffbfeff, sa_flags=0x10000004
SIGTERM: [libjvm.so+0x303d40], sa_mask[0]=0x7ffbfeff, sa_flags=0x10000004
SIGQUIT: [libjvm.so+0x303d40], sa_mask[0]=0x7ffbfeff, sa_flags=0x10000004


---------------  S Y S T E M  ---------------

OS:Ubuntu 11.10 (oneiric)
uname:Linux 3.0.0-16-generic #28-Ubuntu SMP Fri Jan 27 17:50:54 UTC 2012 i686
libc:glibc 2.13 NPTL 2.13 
rlimit: STACK 8192k, CORE 0k, NPROC 7831, NOFILE 4096, AS infinity
load average:0.16 0.11 0.07

/proc/meminfo:
MemTotal:        1016492 kB
MemFree:          233248 kB
Buffers:           19180 kB
Cached:           341552 kB
SwapCached:        20320 kB
Active:           416268 kB
Inactive:         295792 kB
Active(anon):     301660 kB
Inactive(anon):   163084 kB
Active(file):     114608 kB
Inactive(file):   132708 kB
Unevictable:          16 kB
Mlocked:              16 kB
HighTotal:        129608 kB
HighFree:           1716 kB
LowTotal:         886884 kB
LowFree:          231532 kB
SwapTotal:       1951740 kB
SwapFree:        1795232 kB
Dirty:               252 kB
Writeback:             0 kB
AnonPages:        344036 kB
Mapped:            82852 kB
Shmem:            113268 kB
Slab:              30220 kB
SReclaimable:      16440 kB
SUnreclaim:        13780 kB
KernelStack:        3072 kB
PageTables:         8340 kB
NFS_Unstable:          0 kB
Bounce:                0 kB
WritebackTmp:          0 kB
CommitLimit:     2459984 kB
Committed_AS:    2715976 kB
VmallocTotal:     122880 kB
VmallocUsed:       31292 kB
VmallocChunk:      56528 kB
HardwareCorrupted:     0 kB
AnonHugePages:         0 kB
HugePages_Total:       0
HugePages_Free:        0
HugePages_Rsvd:        0
HugePages_Surp:        0
Hugepagesize:       4096 kB
DirectMap4k:       57336 kB
DirectMap4M:      851968 kB


CPU:total 2 (2 cores per cpu, 1 threads per core) family 6 model 14 stepping 12, cmov, cx8, fxsr, mmx, sse, sse2, sse3

Memory: 4k page, physical 1016492k(233248k free), swap 1951740k(1795232k free)

vm_info: OpenJDK Client VM (20.0-b11) for linux-x86 JRE (1.6.0_23-b23), built on Feb 23 2012 06:34:21 by "buildd" with gcc 4.6.1

time: Tue Feb 28 16:46:52 2012
elapsed time: 14 seconds

